# JRE version: Java(TM) SE Runtime Environment (8.0_202-b08) (build 1.8.0_202-b08)
# Java VM: Java HotSpot(TM) 64-Bit Server VM (25.202-b08 mixed mode bsd-amd64 compressed oops)
Heap:
 PSYoungGen      total 144896K, used 80686K [0x0000000795580000, 0x00000007a0180000, 0x00000007c0000000)
  eden space 119808K, 67% used [0x0000000795580000,0x000000079a44ba90,0x000000079ca80000)
  from space 25088K, 0% used [0x000000079e900000,0x000000079e900000,0x00000007a0180000)
  to   space 28160K, 0% used [0x000000079ca80000,0x000000079ca80000,0x000000079e600000)
 ParOldGen       total 109056K, used 34890K [0x0000000740000000, 0x0000000746a80000, 0x0000000795580000)
  object space 109056K, 31% used [0x0000000740000000,0x0000000742212ae8,0x0000000746a80000)
 Metaspace       used 42448K, capacity 43594K, committed 43736K, reserved 1087488K
  class space    used 5558K, capacity 5829K, committed 5888K, reserved 1048576K
GC Heap History (10 events):
Event: 14.706 GC heap before
{Heap before GC invocations=4 (full 0):
 PSYoungGen      total 38400K, used 6908K [0x0000000795580000, 0x0000000799c00000, 0x00000007c0000000)
  eden space 33280K, 5% used [0x0000000795580000,0x000000079573f318,0x0000000797600000)
  from space 5120K, 99% used [0x0000000797600000,0x0000000797afffb8,0x0000000797b00000)
  to   space 5120K, 0% used [0x0000000799700000,0x0000000799700000,0x0000000799c00000)
 ParOldGen       total 87552K, used 39889K [0x0000000740000000, 0x0000000745580000, 0x0000000795580000)
  object space 87552K, 45% used [0x0000000740000000,0x00000007426f4658,0x0000000745580000)
 Metaspace       used 20263K, capacity 21132K, committed 21248K, reserved 1067008K
  class space    used 2769K, capacity 3017K, committed 3072K, reserved 1048576K
Event: 14.714 GC heap after
Heap after GC invocations=4 (full 0):
 PSYoungGen      total 67072K, used 5109K [0x0000000795580000, 0x000000079a080000, 0x00000007c0000000)
  eden space 61952K, 0% used [0x0000000795580000,0x0000000795580000,0x0000000799200000)
  from space 5120K, 99% used [0x0000000799700000,0x0000000799bfd6a0,0x0000000799c00000)
  to   space 5120K, 0% used [0x0000000799200000,0x0000000799200000,0x0000000799700000)
 ParOldGen       total 87552K, used 40149K [0x0000000740000000, 0x0000000745580000, 0x0000000795580000)
  object space 87552K, 45% used [0x0000000740000000,0x0000000742735530,0x0000000745580000)
 Metaspace       used 20263K, capacity 21132K, committed 21248K, reserved 1067008K
  class space    used 2769K, capacity 3017K, committed 3072K, reserved 1048576K
}
Event: 14.714 GC heap before
{Heap before GC invocations=5 (full 1):
 PSYoungGen      total 67072K, used 5109K [0x0000000795580000, 0x000000079a080000, 0x00000007c0000000)
  eden space 61952K, 0% used [0x0000000795580000,0x0000000795580000,0x0000000799200000)
  from space 5120K, 99% used [0x0000000799700000,0x0000000799bfd6a0,0x0000000799c00000)
  to   space 5120K, 0% used [0x0000000799200000,0x0000000799200000,0x0000000799700000)
 ParOldGen       total 87552K, used 40149K [0x0000000740000000, 0x0000000745580000, 0x0000000795580000)
  object space 87552K, 45% used [0x0000000740000000,0x0000000742735530,0x0000000745580000)
 Metaspace       used 20263K, capacity 21132K, committed 21248K, reserved 1067008K
  class space    used 2769K, capacity 3017K, committed 3072K, reserved 1048576K
Event: 14.736 GC heap after
Heap after GC invocations=5 (full 1):
 PSYoungGen      total 67072K, used 0K [0x0000000795580000, 0x000000079a080000, 0x00000007c0000000)
  eden space 61952K, 0% used [0x0000000795580000,0x0000000795580000,0x0000000799200000)
  from space 5120K, 0% used [0x0000000799700000,0x0000000799700000,0x0000000799c00000)
  to   space 5120K, 0% used [0x0000000799200000,0x0000000799200000,0x0000000799700000)
 ParOldGen       total 91136K, used 30128K [0x0000000740000000, 0x0000000745900000, 0x0000000795580000)
  object space 91136K, 33% used [0x0000000740000000,0x0000000741d6c1a8,0x0000000745900000)
 Metaspace       used 20263K, capacity 21132K, committed 21248K, reserved 1067008K
  class space    used 2769K, capacity 3017K, committed 3072K, reserved 1048576K
}
Event: 15.281 GC heap before
{Heap before GC invocations=6 (full 1):
 PSYoungGen      total 67072K, used 61952K [0x0000000795580000, 0x000000079a080000, 0x00000007c0000000)
  eden space 61952K, 100% used [0x0000000795580000,0x0000000799200000,0x0000000799200000)
  from space 5120K, 0% used [0x0000000799700000,0x0000000799700000,0x0000000799c00000)
  to   space 5120K, 0% used [0x0000000799200000,0x0000000799200000,0x0000000799700000)
 ParOldGen       total 91136K, used 30128K [0x0000000740000000, 0x0000000745900000, 0x0000000795580000)
  object space 91136K, 33% used [0x0000000740000000,0x0000000741d6c1a8,0x0000000745900000)
 Metaspace       used 25371K, capacity 26266K, committed 26624K, reserved 1073152K
  class space    used 3491K, capacity 3724K, committed 3840K, reserved 1048576K
Event: 15.288 GC heap after
Heap after GC invocations=6 (full 1):
 PSYoungGen      total 67072K, used 5113K [0x0000000795580000, 0x00000007a0700000, 0x00000007c0000000)
  eden space 61952K, 0% used [0x0000000795580000,0x0000000795580000,0x0000000799200000)
  from space 5120K, 99% used [0x0000000799200000,0x00000007996fe688,0x0000000799700000)
  to   space 30720K, 0% used [0x000000079e900000,0x000000079e900000,0x00000007a0700000)
 ParOldGen       total 91136K, used 30619K [0x0000000740000000, 0x0000000745900000, 0x0000000795580000)
  object space 91136K, 33% used [0x0000000740000000,0x0000000741de6ec0,0x0000000745900000)
 Metaspace       used 25371K, capacity 26266K, committed 26624K, reserved 1073152K
  class space    used 3491K, capacity 3724K, committed 3840K, reserved 1048576K
}
Event: 16.140 GC heap before
{Heap before GC invocations=7 (full 1):
 PSYoungGen      total 67072K, used 63267K [0x0000000795580000, 0x00000007a0700000, 0x00000007c0000000)
  eden space 61952K, 93% used [0x0000000795580000,0x0000000798e4a6f8,0x0000000799200000)
  from space 5120K, 99% used [0x0000000799200000,0x00000007996fe688,0x0000000799700000)
  to   space 30720K, 0% used [0x000000079e900000,0x000000079e900000,0x00000007a0700000)
 ParOldGen       total 91136K, used 30619K [0x0000000740000000, 0x0000000745900000, 0x0000000795580000)
  object space 91136K, 33% used [0x0000000740000000,0x0000000741de6ec0,0x0000000745900000)
 Metaspace       used 34299K, capacity 35176K, committed 35416K, reserved 1079296K
  class space    used 4429K, capacity 4678K, committed 4736K, reserved 1048576K
Event: 16.146 GC heap after
Heap after GC invocations=7 (full 1):
 PSYoungGen      total 144896K, used 10391K [0x0000000795580000, 0x00000007a0180000, 0x00000007c0000000)
  eden space 119808K, 0% used [0x0000000795580000,0x0000000795580000,0x000000079ca80000)
  from space 25088K, 41% used [0x000000079e900000,0x000000079f325ce0,0x00000007a0180000)
  to   space 28160K, 0% used [0x000000079ca80000,0x000000079ca80000,0x000000079e600000)
 ParOldGen       total 91136K, used 30627K [0x0000000740000000, 0x0000000745900000, 0x0000000795580000)
  object space 91136K, 33% used [0x0000000740000000,0x0000000741de8ec0,0x0000000745900000)
 Metaspace       used 34299K, capacity 35176K, committed 35416K, reserved 1079296K
  class space    used 4429K, capacity 4678K, committed 4736K, reserved 1048576K
}
Event: 16.146 GC heap before
{Heap before GC invocations=8 (full 2):
 PSYoungGen      total 144896K, used 10391K [0x0000000795580000, 0x00000007a0180000, 0x00000007c0000000)
  eden space 119808K, 0% used [0x0000000795580000,0x0000000795580000,0x000000079ca80000)
  from space 25088K, 41% used [0x000000079e900000,0x000000079f325ce0,0x00000007a0180000)
  to   space 28160K, 0% used [0x000000079ca80000,0x000000079ca80000,0x000000079e600000)
 ParOldGen       total 91136K, used 30627K [0x0000000740000000, 0x0000000745900000, 0x0000000795580000)
  object space 91136K, 33% used [0x0000000740000000,0x0000000741de8ec0,0x0000000745900000)
 Metaspace       used 34299K, capacity 35176K, committed 35416K, reserved 1079296K
  class space    used 4429K, capacity 4678K, committed 4736K, reserved 1048576K
Event: 16.182 GC heap after
Heap after GC invocations=8 (full 2):
 PSYoungGen      total 144896K, used 0K [0x0000000795580000, 0x00000007a0180000, 0x00000007c0000000)
  eden space 119808K, 0% used [0x0000000795580000,0x0000000795580000,0x000000079ca80000)
  from space 25088K, 0% used [0x000000079e900000,0x000000079e900000,0x00000007a0180000)
  to   space 28160K, 0% used [0x000000079ca80000,0x000000079ca80000,0x000000079e600000)
 ParOldGen       total 109056K, used 34890K [0x0000000740000000, 0x0000000746a80000, 0x0000000795580000)
  object space 109056K, 31% used [0x0000000740000000,0x0000000742212ae8,0x0000000746a80000)
 Metaspace       used 34299K, capacity 35176K, committed 35416K, reserved 1079296K
  class space    used 4429K, capacity 4678K, committed 4736K, reserved 1048576K
}

