# JRE version: Java(TM) SE Runtime Environment (8.0_202-b08) (build 1.8.0_202-b08)
# Java VM: Java HotSpot(TM) 64-Bit Server VM (25.202-b08 mixed mode bsd-amd64 compressed oops)
Heap:
 PSYoungGen      total 126976K, used 61841K [0x0000000795580000, 0x000000079e800000, 0x00000007c0000000)
  eden space 110080K, 56% used [0x0000000795580000,0x00000007991e4420,0x000000079c100000)
  from space 16896K, 0% used [0x000000079d780000,0x000000079d780000,0x000000079e800000)
  to   space 19968K, 0% used [0x000000079c100000,0x000000079c100000,0x000000079d480000)
 ParOldGen       total 105472K, used 28581K [0x0000000740000000, 0x0000000746700000, 0x0000000795580000)
  object space 105472K, 27% used [0x0000000740000000,0x0000000741be9490,0x0000000746700000)
 Metaspace       used 42654K, capacity 43774K, committed 43992K, reserved 1087488K
  class space    used 5612K, capacity 5881K, committed 5888K, reserved 1048576K
GC Heap History (10 events):
Event: 9.863 GC heap before
{Heap before GC invocations=4 (full 1):
 PSYoungGen      total 38400K, used 5090K [0x0000000795580000, 0x0000000799c00000, 0x00000007c0000000)
  eden space 33280K, 0% used [0x0000000795580000,0x0000000795580000,0x0000000797600000)
  from space 5120K, 99% used [0x0000000797600000,0x0000000797af8b00,0x0000000797b00000)
  to   space 5120K, 0% used [0x0000000799700000,0x0000000799700000,0x0000000799c00000)
 ParOldGen       total 87552K, used 29284K [0x0000000740000000, 0x0000000745580000, 0x0000000795580000)
  object space 87552K, 33% used [0x0000000740000000,0x0000000741c99158,0x0000000745580000)
 Metaspace       used 20436K, capacity 21188K, committed 21248K, reserved 1067008K
  class space    used 2843K, capacity 3059K, committed 3072K, reserved 1048576K
Event: 9.884 GC heap after
Heap after GC invocations=4 (full 1):
 PSYoungGen      total 38400K, used 0K [0x0000000795580000, 0x0000000799c00000, 0x00000007c0000000)
  eden space 33280K, 0% used [0x0000000795580000,0x0000000795580000,0x0000000797600000)
  from space 5120K, 0% used [0x0000000797600000,0x0000000797600000,0x0000000797b00000)
  to   space 5120K, 0% used [0x0000000799700000,0x0000000799700000,0x0000000799c00000)
 ParOldGen       total 80384K, used 22162K [0x0000000740000000, 0x0000000744e80000, 0x0000000795580000)
  object space 80384K, 27% used [0x0000000740000000,0x00000007415a4b08,0x0000000744e80000)
 Metaspace       used 20436K, capacity 21188K, committed 21248K, reserved 1067008K
  class space    used 2843K, capacity 3059K, committed 3072K, reserved 1048576K
}
Event: 10.163 GC heap before
{Heap before GC invocations=5 (full 1):
 PSYoungGen      total 38400K, used 33280K [0x0000000795580000, 0x0000000799c00000, 0x00000007c0000000)
  eden space 33280K, 100% used [0x0000000795580000,0x0000000797600000,0x0000000797600000)
  from space 5120K, 0% used [0x0000000797600000,0x0000000797600000,0x0000000797b00000)
  to   space 5120K, 0% used [0x0000000799700000,0x0000000799700000,0x0000000799c00000)
 ParOldGen       total 80384K, used 22162K [0x0000000740000000, 0x0000000744e80000, 0x0000000795580000)
  object space 80384K, 27% used [0x0000000740000000,0x00000007415a4b08,0x0000000744e80000)
 Metaspace       used 23321K, capacity 24080K, committed 24320K, reserved 1071104K
  class space    used 3304K, capacity 3509K, committed 3584K, reserved 1048576K
Event: 10.168 GC heap after
Heap after GC invocations=5 (full 1):
 PSYoungGen      total 65024K, used 3737K [0x0000000795580000, 0x0000000799b00000, 0x00000007c0000000)
  eden space 60928K, 0% used [0x0000000795580000,0x0000000795580000,0x0000000799100000)
  from space 4096K, 91% used [0x0000000799700000,0x0000000799aa6430,0x0000000799b00000)
  to   space 5120K, 0% used [0x0000000799100000,0x0000000799100000,0x0000000799600000)
 ParOldGen       total 80384K, used 22162K [0x0000000740000000, 0x0000000744e80000, 0x0000000795580000)
  object space 80384K, 27% used [0x0000000740000000,0x00000007415a4b08,0x0000000744e80000)
 Metaspace       used 23321K, capacity 24080K, committed 24320K, reserved 1071104K
  class space    used 3304K, capacity 3509K, committed 3584K, reserved 1048576K
}
Event: 10.822 GC heap before
{Heap before GC invocations=6 (full 1):
 PSYoungGen      total 65024K, used 64665K [0x0000000795580000, 0x0000000799b00000, 0x00000007c0000000)
  eden space 60928K, 100% used [0x0000000795580000,0x0000000799100000,0x0000000799100000)
  from space 4096K, 91% used [0x0000000799700000,0x0000000799aa6430,0x0000000799b00000)
  to   space 5120K, 0% used [0x0000000799100000,0x0000000799100000,0x0000000799600000)
 ParOldGen       total 80384K, used 22162K [0x0000000740000000, 0x0000000744e80000, 0x0000000795580000)
  object space 80384K, 27% used [0x0000000740000000,0x00000007415a4b08,0x0000000744e80000)
 Metaspace       used 28802K, capacity 29636K, committed 30080K, reserved 1075200K
  class space    used 3864K, capacity 4097K, committed 4224K, reserved 1048576K
Event: 10.830 GC heap after
Heap after GC invocations=6 (full 1):
 PSYoungGen      total 66048K, used 5110K [0x0000000795580000, 0x000000079ec80000, 0x00000007c0000000)
  eden space 60928K, 0% used [0x0000000795580000,0x0000000795580000,0x0000000799100000)
  from space 5120K, 99% used [0x0000000799100000,0x00000007995fd8b0,0x0000000799600000)
  to   space 21504K, 0% used [0x000000079d780000,0x000000079d780000,0x000000079ec80000)
 ParOldGen       total 80384K, used 24433K [0x0000000740000000, 0x0000000744e80000, 0x0000000795580000)
  object space 80384K, 30% used [0x0000000740000000,0x00000007417dc5a0,0x0000000744e80000)
 Metaspace       used 28802K, capacity 29636K, committed 30080K, reserved 1075200K
  class space    used 3864K, capacity 4097K, committed 4224K, reserved 1048576K
}
Event: 12.508 GC heap before
{Heap before GC invocations=7 (full 1):
 PSYoungGen      total 66048K, used 28911K [0x0000000795580000, 0x000000079ec80000, 0x00000007c0000000)
  eden space 60928K, 39% used [0x0000000795580000,0x0000000796cbe3c0,0x0000000799100000)
  from space 5120K, 99% used [0x0000000799100000,0x00000007995fd8b0,0x0000000799600000)
  to   space 21504K, 0% used [0x000000079d780000,0x000000079d780000,0x000000079ec80000)
 ParOldGen       total 80384K, used 24433K [0x0000000740000000, 0x0000000744e80000, 0x0000000795580000)
  object space 80384K, 30% used [0x0000000740000000,0x00000007417dc5a0,0x0000000744e80000)
 Metaspace       used 34384K, capacity 35238K, committed 35416K, reserved 1079296K
  class space    used 4495K, capacity 4721K, committed 4736K, reserved 1048576K
Event: 12.512 GC heap after
Heap after GC invocations=7 (full 1):
 PSYoungGen      total 126976K, used 8192K [0x0000000795580000, 0x000000079e800000, 0x00000007c0000000)
  eden space 110080K, 0% used [0x0000000795580000,0x0000000795580000,0x000000079c100000)
  from space 16896K, 48% used [0x000000079d780000,0x000000079df80348,0x000000079e800000)
  to   space 19968K, 0% used [0x000000079c100000,0x000000079c100000,0x000000079d480000)
 ParOldGen       total 80384K, used 24441K [0x0000000740000000, 0x0000000744e80000, 0x0000000795580000)
  object space 80384K, 30% used [0x0000000740000000,0x00000007417de5a0,0x0000000744e80000)
 Metaspace       used 34384K, capacity 35238K, committed 35416K, reserved 1079296K
  class space    used 4495K, capacity 4721K, committed 4736K, reserved 1048576K
}
Event: 12.512 GC heap before
{Heap before GC invocations=8 (full 2):
 PSYoungGen      total 126976K, used 8192K [0x0000000795580000, 0x000000079e800000, 0x00000007c0000000)
  eden space 110080K, 0% used [0x0000000795580000,0x0000000795580000,0x000000079c100000)
  from space 16896K, 48% used [0x000000079d780000,0x000000079df80348,0x000000079e800000)
  to   space 19968K, 0% used [0x000000079c100000,0x000000079c100000,0x000000079d480000)
 ParOldGen       total 80384K, used 24441K [0x0000000740000000, 0x0000000744e80000, 0x0000000795580000)
  object space 80384K, 30% used [0x0000000740000000,0x00000007417de5a0,0x0000000744e80000)
 Metaspace       used 34384K, capacity 35238K, committed 35416K, reserved 1079296K
  class space    used 4495K, capacity 4721K, committed 4736K, reserved 1048576K
Event: 12.555 GC heap after
Heap after GC invocations=8 (full 2):
 PSYoungGen      total 126976K, used 0K [0x0000000795580000, 0x000000079e800000, 0x00000007c0000000)
  eden space 110080K, 0% used [0x0000000795580000,0x0000000795580000,0x000000079c100000)
  from space 16896K, 0% used [0x000000079d780000,0x000000079d780000,0x000000079e800000)
  to   space 19968K, 0% used [0x000000079c100000,0x000000079c100000,0x000000079d480000)
 ParOldGen       total 105472K, used 28581K [0x0000000740000000, 0x0000000746700000, 0x0000000795580000)
  object space 105472K, 27% used [0x0000000740000000,0x0000000741be9490,0x0000000746700000)
 Metaspace       used 34384K, capacity 35238K, committed 35416K, reserved 1079296K
  class space    used 4495K, capacity 4721K, committed 4736K, reserved 1048576K
}

